<?xml version="1.0" encoding="UTF-8"?>
<!-- Generated by org.testng.reporters.JUnitReportReporter -->
<testsuite hostname="DESKTOP-I24424I" failures="0" tests="1" name="Login" time="56.741" errors="0" timestamp="2022-10-04T01:17:12 IST" skipped="0">
  <testcase classname="Login" name="f" time="56.741"/>
  <system-out/>
</testsuite> <!-- Login -->
