<?xml version="1.0" encoding="UTF-8"?>
<!-- Generated by org.testng.reporters.JUnitReportReporter -->
<testsuite hostname="DESKTOP-I24424I" failures="0" tests="1" name="Registration" time="56.100" errors="0" timestamp="2022-10-04T01:15:55 IST" skipped="0">
  <testcase classname="Registration" name="f" time="56.100"/>
  <system-out/>
</testsuite> <!-- Registration -->
